2025-12-01 00:07:19 INFO  Utils:112 -
			[TestNG] Running:
  C:\Users\Admin\eclipse-workspace\Opencardv121\master.xml

2025-12-01 00:07:30 INFO  TC001_AccountRegistrationTest:22 -
			********** Clicked on myAccount link **********
2025-12-01 00:07:31 INFO  TC001_AccountRegistrationTest:24 -
			********** Clicked on Register link **********
2025-12-01 00:07:31 INFO  TC001_AccountRegistrationTest:27 -
			**********Providing customer details**********
2025-12-01 00:07:37 INFO  TC001_AccountRegistrationTest:47 -
			********** Validating excepted details. **********
2025-12-01 00:07:37 INFO  TC001_AccountRegistrationTest:52 -
			Test passed
2025-12-01 00:07:38 INFO  TC001_AccountRegistrationTest:69 -
			***** Finished TC001_AccountRegistrationTest *****
2025-12-01 00:07:40 INFO  TC002_LoginTest:16 -
			********* Starting TC002_LoginTest ***********
2025-12-01 00:07:43 INFO  TC002_LoginTest:45 -
			********* Finished TC002_LoginTest ***********
2025-12-01 00:07:47 INFO  TC003_LoginDDT:26 -
			**** Starting TC_003_LoginDDT *****
2025-12-01 00:07:50 INFO  TC003_LoginDDT:85 -
			**** Finished TC_003_LoginDDT *****
2025-12-01 00:07:50 INFO  TC003_LoginDDT:26 -
			**** Starting TC_003_LoginDDT *****
2025-12-01 00:08:02 INFO  TC003_LoginDDT:85 -
			**** Finished TC_003_LoginDDT *****
2025-12-01 00:08:02 INFO  TC003_LoginDDT:26 -
			**** Starting TC_003_LoginDDT *****
2025-12-01 00:08:14 INFO  TC003_LoginDDT:85 -
			**** Finished TC_003_LoginDDT *****
2025-12-01 00:08:14 INFO  TC003_LoginDDT:26 -
			**** Starting TC_003_LoginDDT *****
2025-12-01 00:08:26 INFO  TC003_LoginDDT:85 -
			**** Finished TC_003_LoginDDT *****
2025-12-01 00:08:26 INFO  TC003_LoginDDT:26 -
			**** Starting TC_003_LoginDDT *****
2025-12-01 00:08:38 INFO  TC003_LoginDDT:85 -
			**** Finished TC_003_LoginDDT *****
2025-12-01 00:08:38 INFO  TC003_LoginDDT:26 -
			**** Starting TC_003_LoginDDT *****
2025-12-01 00:08:41 INFO  TC003_LoginDDT:85 -
			**** Finished TC_003_LoginDDT *****
2025-12-01 00:11:01 INFO  Utils:112 -
			[TestNG] Running:
  C:\Users\Admin\eclipse-workspace\Opencardv121\master.xml

2025-12-01 00:11:04 INFO  TC004_SearchProductTest:14 -
			 Starting TC_004_SearchProductTest 
2025-12-01 00:11:08 INFO  TC004_SearchProductTest:34 -
			 Finished TC_004_SearchProductTest 
2025-12-01 00:11:10 INFO  TC005_AddToCartPageTest:15 -
			 Starting TC_005_AddToCartPageTest 
2025-12-01 00:11:14 INFO  TC005_AddToCartPageTest:41 -
			 Finished TC_004_SearchProductTest 
